[debug] [2023-01-14T12:20:16.026Z] ----------------------------------------------------------------------
[debug] [2023-01-14T12:20:16.034Z] Command:       C:\Program Files\nodejs\node.exe C:\Users\shabd\AppData\Roaming\npm\node_modules\firebase-tools\lib\bin\firebase.js init
[debug] [2023-01-14T12:20:16.037Z] CLI Version:   11.20.0
[debug] [2023-01-14T12:20:16.038Z] Platform:      win32
[debug] [2023-01-14T12:20:16.038Z] Node Version:  v16.17.0
[debug] [2023-01-14T12:20:16.042Z] Time:          Sat Jan 14 2023 17:50:16 GMT+0530 (India Standard Time)
[debug] [2023-01-14T12:20:16.043Z] ----------------------------------------------------------------------
[debug] 
[debug] [2023-01-14T12:20:16.079Z] > command requires scopes: ["email","openid","https://www.googleapis.com/auth/cloudplatformprojects.readonly","https://www.googleapis.com/auth/firebase","https://www.googleapis.com/auth/cloud-platform"]
[debug] [2023-01-14T12:20:16.082Z] > authorizing via signed-in user (shabdullah685@gmail.com)
[info] 
     ######## #### ########  ######## ########     ###     ######  ########
     ##        ##  ##     ## ##       ##     ##  ##   ##  ##       ##
     ######    ##  ########  ######   ########  #########  ######  ######
     ##        ##  ##    ##  ##       ##     ## ##     ##       ## ##
     ##       #### ##     ## ######## ########  ##     ##  ######  ########

You're about to initialize a Firebase project in this directory:

  C:\Users\shabd\OneDrive\Desktop\React Again\Netflix-Clone

[info] 
=== Project Setup
[info] 
[info] First, let's associate this project directory with a Firebase project.
[info] You can create multiple project aliases by running firebase use --add, 
[info] but for now we'll just set up a default project.
[info] 
[debug] [2023-01-14T12:20:40.717Z] > refreshing access token with scopes: []
[debug] [2023-01-14T12:20:40.726Z] >>> [apiv2][query] POST https://www.googleapis.com/oauth2/v3/token [none]
[debug] [2023-01-14T12:20:40.726Z] >>> [apiv2][body] POST https://www.googleapis.com/oauth2/v3/token [omitted]
[debug] [2023-01-14T12:20:44.590Z] <<< [apiv2][status] POST https://www.googleapis.com/oauth2/v3/token 200
[debug] [2023-01-14T12:20:44.590Z] <<< [apiv2][body] POST https://www.googleapis.com/oauth2/v3/token [omitted]
[debug] [2023-01-14T12:20:44.668Z] >>> [apiv2][query] GET https://firebase.googleapis.com/v1beta1/projects pageSize=100
[debug] [2023-01-14T12:20:47.098Z] <<< [apiv2][status] GET https://firebase.googleapis.com/v1beta1/projects 200
[debug] [2023-01-14T12:20:47.099Z] <<< [apiv2][body] GET https://firebase.googleapis.com/v1beta1/projects [omitted]
